~~~~~~~~~~~~~~~~~~~~~~~~~~~~~
FLEET PARAMETERS
truck capacity: 100
truck cost:     1.00
truck speed:    100.00
~~~~~~~~~~~~~~~~~~~~~~~~~~~~~
SIMULATION PARAMETERS
shipment rate:       120
shipment size:       100
simulation hours:    100
term. seg. capacity: 10
~~~~~~~~~~~~~~~~~~~~~~~~~~~~~
generating 'experiment' shipping network...done
creating activity manager...done
starting simulation...done
~~ Simulation Statistics ~~
~~~~~~~~~~~~~~~~~~~~~~~~~~~~~~~~~~
CUSTOMER s00 statistics:
shipments received: 0
average latency:    0.00
total cost:         0.00
~~~~~~~~~~~~~~~~~~~~~~~~~~~~~~~~~~
SEGMENT oSeg00 statistics:
shipments received: 500
shipments refused:  0
segment capacity:   10
~~~~~~~~~~~~~~~~~~~~~~~~~~~~~~~~~~
SEGMENT oSeg0 statistics:
shipments received: 4950
shipments refused:  4915
segment capacity:   10
~~~~~~~~~~~~~~~~~~~~~~~~~~~~~~~~~~
SEGMENT iSegd statistics:
shipments received: 9800
shipments refused:  9764
segment capacity:   10
~~~~~~~~~~~~~~~~~~~~~~~~~~~~~~~~~~
CUSTOMER dest statistics:
shipments received: 971
average latency:    43.16
total cost:         291300.00
~~~~~~~~~~~~~~~~~~~~~~~~~~~~~~~~~~
~~ Aggregate Segment Statistics ~~
~~~~~~~~~~~~~~~~~~~~~~~~~~~~~~~~~~
number of source segments:                        100
avg. shipments received across source segments:   500
avg. shipments refused across source segments:    0
congestions ratio (refused / received):           0
~~~~~~~~~~~~~~~~~~~~~~~~~~~~~~~~~~
number of terminal segments:                      10
avg. shipments received across terminal segments: 4950
avg. shipments refused across terminal segments:  4902.6
congestions ratio (refused / received):           0.990424
~~~~~~~~~~~~~~~~~~~~~~~~~~~~~~~~~~
shipments received across destination segment:    9800
shipments refused across destination segment:     9764
congestions ratio (refused / received):           0.996327
~~~~ End of Statistics ~~~~
